\BOOKMARK [0][-]{chapter.1}{\376\377\0001\000\040\000m\000i\000n\000i\000\137\000n\000n}{}% 1
\BOOKMARK [0][-]{chapter.2}{\376\377\0002\000\040\000m\000i\000n\000i\000\137\000n\000n}{}% 2
\BOOKMARK [0][-]{chapter.3}{\376\377\0003\000\040\000H\000i\000e\000r\000a\000r\000c\000h\000i\000c\000a\000l\000\040\000I\000n\000d\000e\000x}{}% 3
\BOOKMARK [1][-]{section.3.1}{\376\377\0003\000.\0001\000\040\000C\000l\000a\000s\000s\000\040\000H\000i\000e\000r\000a\000r\000c\000h\000y}{chapter.3}% 4
\BOOKMARK [0][-]{chapter.4}{\376\377\0004\000\040\000C\000l\000a\000s\000s\000\040\000I\000n\000d\000e\000x}{}% 5
\BOOKMARK [1][-]{section.4.1}{\376\377\0004\000.\0001\000\040\000C\000l\000a\000s\000s\000\040\000L\000i\000s\000t}{chapter.4}% 6
\BOOKMARK [0][-]{chapter.5}{\376\377\0005\000\040\000F\000i\000l\000e\000\040\000I\000n\000d\000e\000x}{}% 7
\BOOKMARK [1][-]{section.5.1}{\376\377\0005\000.\0001\000\040\000F\000i\000l\000e\000\040\000L\000i\000s\000t}{chapter.5}% 8
\BOOKMARK [0][-]{chapter.6}{\376\377\0006\000\040\000C\000l\000a\000s\000s\000\040\000D\000o\000c\000u\000m\000e\000n\000t\000a\000t\000i\000o\000n}{}% 9
\BOOKMARK [1][-]{section.6.1}{\376\377\0006\000.\0001\000\040\000C\000o\000n\000v\0002\000d\000<\000\040\000T\000\040\000>\000\040\000C\000l\000a\000s\000s\000\040\000T\000e\000m\000p\000l\000a\000t\000e\000\040\000R\000e\000f\000e\000r\000e\000n\000c\000e}{chapter.6}% 10
\BOOKMARK [2][-]{subsection.6.1.1}{\376\377\0006\000.\0001\000.\0001\000\040\000D\000e\000t\000a\000i\000l\000e\000d\000\040\000D\000e\000s\000c\000r\000i\000p\000t\000i\000o\000n}{section.6.1}% 11
\BOOKMARK [2][-]{subsection.6.1.2}{\376\377\0006\000.\0001\000.\0002\000\040\000M\000e\000m\000b\000e\000r\000\040\000T\000y\000p\000e\000d\000e\000f\000\040\000D\000o\000c\000u\000m\000e\000n\000t\000a\000t\000i\000o\000n}{section.6.1}% 12
\BOOKMARK [3][-]{subsubsection.6.1.2.1}{\376\377\0006\000.\0001\000.\0002\000.\0001\000\040\000M\000a\000t\000r\000i\000x}{subsection.6.1.2}% 13
\BOOKMARK [3][-]{subsubsection.6.1.2.2}{\376\377\0006\000.\0001\000.\0002\000.\0002\000\040\000S\000h\000a\000p\000e}{subsection.6.1.2}% 14
\BOOKMARK [2][-]{subsection.6.1.3}{\376\377\0006\000.\0001\000.\0003\000\040\000C\000o\000n\000s\000t\000r\000u\000c\000t\000o\000r\000\040\000\046\000\040\000D\000e\000s\000t\000r\000u\000c\000t\000o\000r\000\040\000D\000o\000c\000u\000m\000e\000n\000t\000a\000t\000i\000o\000n}{section.6.1}% 15
\BOOKMARK [3][-]{subsubsection.6.1.3.1}{\376\377\0006\000.\0001\000.\0003\000.\0001\000\040\000C\000o\000n\000v\0002\000d\000\050\000\051\000\040\000[\0001\000/\0002\000]}{subsection.6.1.3}% 16
\BOOKMARK [3][-]{subsubsection.6.1.3.2}{\376\377\0006\000.\0001\000.\0003\000.\0002\000\040\000\040\000C\000o\000n\000v\0002\000d\000\050\000\051}{subsection.6.1.3}% 17
\BOOKMARK [3][-]{subsubsection.6.1.3.3}{\376\377\0006\000.\0001\000.\0003\000.\0003\000\040\000C\000o\000n\000v\0002\000d\000\050\000\051\000\040\000[\0002\000/\0002\000]}{subsection.6.1.3}% 18
\BOOKMARK [2][-]{subsection.6.1.4}{\376\377\0006\000.\0001\000.\0004\000\040\000M\000e\000m\000b\000e\000r\000\040\000F\000u\000n\000c\000t\000i\000o\000n\000\040\000D\000o\000c\000u\000m\000e\000n\000t\000a\000t\000i\000o\000n}{section.6.1}% 19
\BOOKMARK [3][-]{subsubsection.6.1.4.1}{\376\377\0006\000.\0001\000.\0004\000.\0001\000\040\000b\000a\000c\000k\000w\000a\000r\000d\000\050\000\051}{subsection.6.1.4}% 20
\BOOKMARK [3][-]{subsubsection.6.1.4.2}{\376\377\0006\000.\0001\000.\0004\000.\0002\000\040\000f\000o\000r\000w\000a\000r\000d\000\050\000\051}{subsection.6.1.4}% 21
\BOOKMARK [3][-]{subsubsection.6.1.4.3}{\376\377\0006\000.\0001\000.\0004\000.\0003\000\040\000g\000e\000t\000\137\000f\000a\000n\000\050\000\051}{subsection.6.1.4}% 22
\BOOKMARK [2][-]{subsection.6.1.5}{\376\377\0006\000.\0001\000.\0005\000\040\000M\000e\000m\000b\000e\000r\000\040\000D\000a\000t\000a\000\040\000D\000o\000c\000u\000m\000e\000n\000t\000a\000t\000i\000o\000n}{section.6.1}% 23
\BOOKMARK [3][-]{subsubsection.6.1.5.1}{\376\377\0006\000.\0001\000.\0005\000.\0001\000\040\000i\000n\000\137\000c\000h\000a\000n\000n\000e\000l\000s\000\137}{subsection.6.1.5}% 24
\BOOKMARK [3][-]{subsubsection.6.1.5.2}{\376\377\0006\000.\0001\000.\0005\000.\0002\000\040\000k\000e\000r\000n\000e\000l\000\137\000s\000i\000z\000e\000\137}{subsection.6.1.5}% 25
\BOOKMARK [3][-]{subsubsection.6.1.5.3}{\376\377\0006\000.\0001\000.\0005\000.\0003\000\040\000o\000u\000t\000\137\000c\000h\000a\000n\000n\000e\000l\000s\000\137}{subsection.6.1.5}% 26
\BOOKMARK [3][-]{subsubsection.6.1.5.4}{\376\377\0006\000.\0001\000.\0005\000.\0004\000\040\000p\000a\000d\000d\000i\000n\000g\000\137}{subsection.6.1.5}% 27
\BOOKMARK [3][-]{subsubsection.6.1.5.5}{\376\377\0006\000.\0001\000.\0005\000.\0005\000\040\000s\000t\000r\000i\000d\000e\000\137}{subsection.6.1.5}% 28
\BOOKMARK [1][-]{section.6.2}{\376\377\0006\000.\0002\000\040\000L\000a\000y\000e\000r\000<\000\040\000T\000\040\000>\000\040\000C\000l\000a\000s\000s\000\040\000T\000e\000m\000p\000l\000a\000t\000e\000\040\000R\000e\000f\000e\000r\000e\000n\000c\000e}{chapter.6}% 29
\BOOKMARK [2][-]{subsection.6.2.1}{\376\377\0006\000.\0002\000.\0001\000\040\000D\000e\000t\000a\000i\000l\000e\000d\000\040\000D\000e\000s\000c\000r\000i\000p\000t\000i\000o\000n}{section.6.2}% 30
\BOOKMARK [2][-]{subsection.6.2.2}{\376\377\0006\000.\0002\000.\0002\000\040\000M\000e\000m\000b\000e\000r\000\040\000T\000y\000p\000e\000d\000e\000f\000\040\000D\000o\000c\000u\000m\000e\000n\000t\000a\000t\000i\000o\000n}{section.6.2}% 31
\BOOKMARK [3][-]{subsubsection.6.2.2.1}{\376\377\0006\000.\0002\000.\0002\000.\0001\000\040\000M\000a\000t\000r\000i\000x}{subsection.6.2.2}% 32
\BOOKMARK [3][-]{subsubsection.6.2.2.2}{\376\377\0006\000.\0002\000.\0002\000.\0002\000\040\000S\000h\000a\000p\000e}{subsection.6.2.2}% 33
\BOOKMARK [2][-]{subsection.6.2.3}{\376\377\0006\000.\0002\000.\0003\000\040\000C\000o\000n\000s\000t\000r\000u\000c\000t\000o\000r\000\040\000\046\000\040\000D\000e\000s\000t\000r\000u\000c\000t\000o\000r\000\040\000D\000o\000c\000u\000m\000e\000n\000t\000a\000t\000i\000o\000n}{section.6.2}% 34
\BOOKMARK [3][-]{subsubsection.6.2.3.1}{\376\377\0006\000.\0002\000.\0003\000.\0001\000\040\000L\000a\000y\000e\000r\000\050\000\051}{subsection.6.2.3}% 35
\BOOKMARK [3][-]{subsubsection.6.2.3.2}{\376\377\0006\000.\0002\000.\0003\000.\0002\000\040\000\040\000L\000a\000y\000e\000r\000\050\000\051}{subsection.6.2.3}% 36
\BOOKMARK [2][-]{subsection.6.2.4}{\376\377\0006\000.\0002\000.\0004\000\040\000M\000e\000m\000b\000e\000r\000\040\000F\000u\000n\000c\000t\000i\000o\000n\000\040\000D\000o\000c\000u\000m\000e\000n\000t\000a\000t\000i\000o\000n}{section.6.2}% 37
\BOOKMARK [3][-]{subsubsection.6.2.4.1}{\376\377\0006\000.\0002\000.\0004\000.\0001\000\040\000b\000a\000c\000k\000w\000a\000r\000d\000\050\000\051}{subsection.6.2.4}% 38
\BOOKMARK [3][-]{subsubsection.6.2.4.2}{\376\377\0006\000.\0002\000.\0004\000.\0002\000\040\000b\000i\000a\000s\000\137\000s\000h\000a\000p\000e\000\050\000\051}{subsection.6.2.4}% 39
\BOOKMARK [3][-]{subsubsection.6.2.4.3}{\376\377\0006\000.\0002\000.\0004\000.\0003\000\040\000f\000o\000r\000w\000a\000r\000d\000\050\000\051}{subsection.6.2.4}% 40
\BOOKMARK [3][-]{subsubsection.6.2.4.4}{\376\377\0006\000.\0002\000.\0004\000.\0004\000\040\000g\000e\000t\000\137\000f\000a\000n\000\050\000\051}{subsection.6.2.4}% 41
\BOOKMARK [3][-]{subsubsection.6.2.4.5}{\376\377\0006\000.\0002\000.\0004\000.\0005\000\040\000g\000e\000t\000\137\000t\000y\000p\000e\000\050\000\051}{subsection.6.2.4}% 42
\BOOKMARK [3][-]{subsubsection.6.2.4.6}{\376\377\0006\000.\0002\000.\0004\000.\0006\000\040\000s\000e\000t\000\137\000b\000i\000a\000s\000\050\000\051}{subsection.6.2.4}% 43
\BOOKMARK [3][-]{subsubsection.6.2.4.7}{\376\377\0006\000.\0002\000.\0004\000.\0007\000\040\000s\000e\000t\000\137\000n\000e\000t\000w\000o\000r\000k\000\050\000\051}{subsection.6.2.4}% 44
\BOOKMARK [3][-]{subsubsection.6.2.4.8}{\376\377\0006\000.\0002\000.\0004\000.\0008\000\040\000s\000e\000t\000\137\000w\000e\000i\000g\000h\000t\000\050\000\051}{subsection.6.2.4}% 45
\BOOKMARK [3][-]{subsubsection.6.2.4.9}{\376\377\0006\000.\0002\000.\0004\000.\0009\000\040\000w\000e\000i\000g\000h\000t\000\137\000s\000h\000a\000p\000e\000\050\000\051}{subsection.6.2.4}% 46
\BOOKMARK [2][-]{subsection.6.2.5}{\376\377\0006\000.\0002\000.\0005\000\040\000M\000e\000m\000b\000e\000r\000\040\000D\000a\000t\000a\000\040\000D\000o\000c\000u\000m\000e\000n\000t\000a\000t\000i\000o\000n}{section.6.2}% 47
\BOOKMARK [3][-]{subsubsection.6.2.5.1}{\376\377\0006\000.\0002\000.\0005\000.\0001\000\040\000b\000\137}{subsection.6.2.5}% 48
\BOOKMARK [3][-]{subsubsection.6.2.5.2}{\376\377\0006\000.\0002\000.\0005\000.\0002\000\040\000d\000b\000\137}{subsection.6.2.5}% 49
\BOOKMARK [3][-]{subsubsection.6.2.5.3}{\376\377\0006\000.\0002\000.\0005\000.\0003\000\040\000d\000i\000n\000\137}{subsection.6.2.5}% 50
\BOOKMARK [3][-]{subsubsection.6.2.5.4}{\376\377\0006\000.\0002\000.\0005\000.\0004\000\040\000d\000W\000\137}{subsection.6.2.5}% 51
\BOOKMARK [3][-]{subsubsection.6.2.5.5}{\376\377\0006\000.\0002\000.\0005\000.\0005\000\040\000i\000n\000\137}{subsection.6.2.5}% 52
\BOOKMARK [3][-]{subsubsection.6.2.5.6}{\376\377\0006\000.\0002\000.\0005\000.\0006\000\040\000l\000a\000y\000e\000r\000\137\000t\000y\000p\000e\000\137}{subsection.6.2.5}% 53
\BOOKMARK [3][-]{subsubsection.6.2.5.7}{\376\377\0006\000.\0002\000.\0005\000.\0007\000\040\000n\000e\000t\000\137}{subsection.6.2.5}% 54
\BOOKMARK [3][-]{subsubsection.6.2.5.8}{\376\377\0006\000.\0002\000.\0005\000.\0008\000\040\000W\000\137}{subsection.6.2.5}% 55
\BOOKMARK [1][-]{section.6.3}{\376\377\0006\000.\0003\000\040\000L\000i\000n\000e\000a\000r\000<\000\040\000T\000\040\000>\000\040\000C\000l\000a\000s\000s\000\040\000T\000e\000m\000p\000l\000a\000t\000e\000\040\000R\000e\000f\000e\000r\000e\000n\000c\000e}{chapter.6}% 56
\BOOKMARK [2][-]{subsection.6.3.1}{\376\377\0006\000.\0003\000.\0001\000\040\000D\000e\000t\000a\000i\000l\000e\000d\000\040\000D\000e\000s\000c\000r\000i\000p\000t\000i\000o\000n}{section.6.3}% 57
\BOOKMARK [2][-]{subsection.6.3.2}{\376\377\0006\000.\0003\000.\0002\000\040\000M\000e\000m\000b\000e\000r\000\040\000T\000y\000p\000e\000d\000e\000f\000\040\000D\000o\000c\000u\000m\000e\000n\000t\000a\000t\000i\000o\000n}{section.6.3}% 58
\BOOKMARK [3][-]{subsubsection.6.3.2.1}{\376\377\0006\000.\0003\000.\0002\000.\0001\000\040\000M\000a\000t\000r\000i\000x}{subsection.6.3.2}% 59
\BOOKMARK [3][-]{subsubsection.6.3.2.2}{\376\377\0006\000.\0003\000.\0002\000.\0002\000\040\000S\000h\000a\000p\000e}{subsection.6.3.2}% 60
\BOOKMARK [2][-]{subsection.6.3.3}{\376\377\0006\000.\0003\000.\0003\000\040\000C\000o\000n\000s\000t\000r\000u\000c\000t\000o\000r\000\040\000\046\000\040\000D\000e\000s\000t\000r\000u\000c\000t\000o\000r\000\040\000D\000o\000c\000u\000m\000e\000n\000t\000a\000t\000i\000o\000n}{section.6.3}% 61
\BOOKMARK [3][-]{subsubsection.6.3.3.1}{\376\377\0006\000.\0003\000.\0003\000.\0001\000\040\000L\000i\000n\000e\000a\000r\000\050\000\051\000\040\000[\0001\000/\0002\000]}{subsection.6.3.3}% 62
\BOOKMARK [3][-]{subsubsection.6.3.3.2}{\376\377\0006\000.\0003\000.\0003\000.\0002\000\040\000\040\000L\000i\000n\000e\000a\000r\000\050\000\051}{subsection.6.3.3}% 63
\BOOKMARK [3][-]{subsubsection.6.3.3.3}{\376\377\0006\000.\0003\000.\0003\000.\0003\000\040\000L\000i\000n\000e\000a\000r\000\050\000\051\000\040\000[\0002\000/\0002\000]}{subsection.6.3.3}% 64
\BOOKMARK [2][-]{subsection.6.3.4}{\376\377\0006\000.\0003\000.\0004\000\040\000M\000e\000m\000b\000e\000r\000\040\000F\000u\000n\000c\000t\000i\000o\000n\000\040\000D\000o\000c\000u\000m\000e\000n\000t\000a\000t\000i\000o\000n}{section.6.3}% 65
\BOOKMARK [3][-]{subsubsection.6.3.4.1}{\376\377\0006\000.\0003\000.\0004\000.\0001\000\040\000b\000a\000c\000k\000w\000a\000r\000d\000\050\000\051}{subsection.6.3.4}% 66
\BOOKMARK [3][-]{subsubsection.6.3.4.2}{\376\377\0006\000.\0003\000.\0004\000.\0002\000\040\000f\000o\000r\000w\000a\000r\000d\000\050\000\051}{subsection.6.3.4}% 67
\BOOKMARK [3][-]{subsubsection.6.3.4.3}{\376\377\0006\000.\0003\000.\0004\000.\0003\000\040\000g\000e\000t\000\137\000f\000a\000n\000\050\000\051}{subsection.6.3.4}% 68
\BOOKMARK [2][-]{subsection.6.3.5}{\376\377\0006\000.\0003\000.\0005\000\040\000M\000e\000m\000b\000e\000r\000\040\000D\000a\000t\000a\000\040\000D\000o\000c\000u\000m\000e\000n\000t\000a\000t\000i\000o\000n}{section.6.3}% 69
\BOOKMARK [3][-]{subsubsection.6.3.5.1}{\376\377\0006\000.\0003\000.\0005\000.\0001\000\040\000i\000n\000\137\000d\000i\000m\000s\000\137}{subsection.6.3.5}% 70
\BOOKMARK [3][-]{subsubsection.6.3.5.2}{\376\377\0006\000.\0003\000.\0005\000.\0002\000\040\000i\000n\000\137\000r\000e\000s\000h\000a\000p\000e\000\137}{subsection.6.3.5}% 71
\BOOKMARK [3][-]{subsubsection.6.3.5.3}{\376\377\0006\000.\0003\000.\0005\000.\0003\000\040\000o\000u\000t\000\137\000d\000i\000m\000s\000\137}{subsection.6.3.5}% 72
\BOOKMARK [1][-]{section.6.4}{\376\377\0006\000.\0004\000\040\000L\000o\000s\000s\000<\000\040\000T\000\040\000>\000\040\000C\000l\000a\000s\000s\000\040\000T\000e\000m\000p\000l\000a\000t\000e\000\040\000R\000e\000f\000e\000r\000e\000n\000c\000e}{chapter.6}% 73
\BOOKMARK [2][-]{subsection.6.4.1}{\376\377\0006\000.\0004\000.\0001\000\040\000M\000e\000m\000b\000e\000r\000\040\000T\000y\000p\000e\000d\000e\000f\000\040\000D\000o\000c\000u\000m\000e\000n\000t\000a\000t\000i\000o\000n}{section.6.4}% 74
\BOOKMARK [3][-]{subsubsection.6.4.1.1}{\376\377\0006\000.\0004\000.\0001\000.\0001\000\040\000M\000a\000t\000r\000i\000x}{subsection.6.4.1}% 75
\BOOKMARK [3][-]{subsubsection.6.4.1.2}{\376\377\0006\000.\0004\000.\0001\000.\0002\000\040\000S\000h\000a\000p\000e}{subsection.6.4.1}% 76
\BOOKMARK [2][-]{subsection.6.4.2}{\376\377\0006\000.\0004\000.\0002\000\040\000C\000o\000n\000s\000t\000r\000u\000c\000t\000o\000r\000\040\000\046\000\040\000D\000e\000s\000t\000r\000u\000c\000t\000o\000r\000\040\000D\000o\000c\000u\000m\000e\000n\000t\000a\000t\000i\000o\000n}{section.6.4}% 77
\BOOKMARK [3][-]{subsubsection.6.4.2.1}{\376\377\0006\000.\0004\000.\0002\000.\0001\000\040\000L\000o\000s\000s\000\050\000\051\000\040\000[\0001\000/\0002\000]}{subsection.6.4.2}% 78
\BOOKMARK [3][-]{subsubsection.6.4.2.2}{\376\377\0006\000.\0004\000.\0002\000.\0002\000\040\000L\000o\000s\000s\000\050\000\051\000\040\000[\0002\000/\0002\000]}{subsection.6.4.2}% 79
\BOOKMARK [3][-]{subsubsection.6.4.2.3}{\376\377\0006\000.\0004\000.\0002\000.\0003\000\040\000\040\000L\000o\000s\000s\000\050\000\051}{subsection.6.4.2}% 80
\BOOKMARK [2][-]{subsection.6.4.3}{\376\377\0006\000.\0004\000.\0003\000\040\000M\000e\000m\000b\000e\000r\000\040\000F\000u\000n\000c\000t\000i\000o\000n\000\040\000D\000o\000c\000u\000m\000e\000n\000t\000a\000t\000i\000o\000n}{section.6.4}% 81
\BOOKMARK [3][-]{subsubsection.6.4.3.1}{\376\377\0006\000.\0004\000.\0003\000.\0001\000\040\000C\000r\000o\000s\000s\000E\000n\000t\000r\000o\000p\000y\000L\000o\000s\000s\000\050\000\051}{subsection.6.4.3}% 82
\BOOKMARK [3][-]{subsubsection.6.4.3.2}{\376\377\0006\000.\0004\000.\0003\000.\0002\000\040\000g\000e\000t\000\137\000g\000r\000a\000d\000\050\000\051}{subsection.6.4.3}% 83
\BOOKMARK [3][-]{subsubsection.6.4.3.3}{\376\377\0006\000.\0004\000.\0003\000.\0003\000\040\000g\000e\000t\000\137\000t\000y\000p\000e\000\050\000\051}{subsection.6.4.3}% 84
\BOOKMARK [2][-]{subsection.6.4.4}{\376\377\0006\000.\0004\000.\0004\000\040\000M\000e\000m\000b\000e\000r\000\040\000D\000a\000t\000a\000\040\000D\000o\000c\000u\000m\000e\000n\000t\000a\000t\000i\000o\000n}{section.6.4}% 85
\BOOKMARK [3][-]{subsubsection.6.4.4.1}{\376\377\0006\000.\0004\000.\0004\000.\0001\000\040\000d\000s\000c\000o\000r\000e\000s\000\137}{subsection.6.4.4}% 86
\BOOKMARK [3][-]{subsubsection.6.4.4.2}{\376\377\0006\000.\0004\000.\0004\000.\0002\000\040\000l\000o\000s\000s\000\137\000t\000y\000p\000e\000\137}{subsection.6.4.4}% 87
\BOOKMARK [3][-]{subsubsection.6.4.4.3}{\376\377\0006\000.\0004\000.\0004\000.\0003\000\040\000s\000c\000o\000r\000e\000s\000\137}{subsection.6.4.4}% 88
\BOOKMARK [1][-]{section.6.5}{\376\377\0006\000.\0005\000\040\000M\000a\000x\000P\000o\000o\000l\0002\000d\000<\000\040\000T\000\040\000>\000\040\000C\000l\000a\000s\000s\000\040\000T\000e\000m\000p\000l\000a\000t\000e\000\040\000R\000e\000f\000e\000r\000e\000n\000c\000e}{chapter.6}% 89
\BOOKMARK [2][-]{subsection.6.5.1}{\376\377\0006\000.\0005\000.\0001\000\040\000D\000e\000t\000a\000i\000l\000e\000d\000\040\000D\000e\000s\000c\000r\000i\000p\000t\000i\000o\000n}{section.6.5}% 90
\BOOKMARK [2][-]{subsection.6.5.2}{\376\377\0006\000.\0005\000.\0002\000\040\000M\000e\000m\000b\000e\000r\000\040\000T\000y\000p\000e\000d\000e\000f\000\040\000D\000o\000c\000u\000m\000e\000n\000t\000a\000t\000i\000o\000n}{section.6.5}% 91
\BOOKMARK [3][-]{subsubsection.6.5.2.1}{\376\377\0006\000.\0005\000.\0002\000.\0001\000\040\000M\000a\000t\000r\000i\000x}{subsection.6.5.2}% 92
\BOOKMARK [3][-]{subsubsection.6.5.2.2}{\376\377\0006\000.\0005\000.\0002\000.\0002\000\040\000S\000h\000a\000p\000e}{subsection.6.5.2}% 93
\BOOKMARK [2][-]{subsection.6.5.3}{\376\377\0006\000.\0005\000.\0003\000\040\000C\000o\000n\000s\000t\000r\000u\000c\000t\000o\000r\000\040\000\046\000\040\000D\000e\000s\000t\000r\000u\000c\000t\000o\000r\000\040\000D\000o\000c\000u\000m\000e\000n\000t\000a\000t\000i\000o\000n}{section.6.5}% 94
\BOOKMARK [3][-]{subsubsection.6.5.3.1}{\376\377\0006\000.\0005\000.\0003\000.\0001\000\040\000M\000a\000x\000P\000o\000o\000l\0002\000d\000\050\000\051\000\040\000[\0001\000/\0002\000]}{subsection.6.5.3}% 95
\BOOKMARK [3][-]{subsubsection.6.5.3.2}{\376\377\0006\000.\0005\000.\0003\000.\0002\000\040\000\040\000M\000a\000x\000P\000o\000o\000l\0002\000d\000\050\000\051}{subsection.6.5.3}% 96
\BOOKMARK [3][-]{subsubsection.6.5.3.3}{\376\377\0006\000.\0005\000.\0003\000.\0003\000\040\000M\000a\000x\000P\000o\000o\000l\0002\000d\000\050\000\051\000\040\000[\0002\000/\0002\000]}{subsection.6.5.3}% 97
\BOOKMARK [2][-]{subsection.6.5.4}{\376\377\0006\000.\0005\000.\0004\000\040\000M\000e\000m\000b\000e\000r\000\040\000F\000u\000n\000c\000t\000i\000o\000n\000\040\000D\000o\000c\000u\000m\000e\000n\000t\000a\000t\000i\000o\000n}{section.6.5}% 98
\BOOKMARK [3][-]{subsubsection.6.5.4.1}{\376\377\0006\000.\0005\000.\0004\000.\0001\000\040\000b\000a\000c\000k\000w\000a\000r\000d\000\050\000\051}{subsection.6.5.4}% 99
\BOOKMARK [3][-]{subsubsection.6.5.4.2}{\376\377\0006\000.\0005\000.\0004\000.\0002\000\040\000f\000o\000r\000w\000a\000r\000d\000\050\000\051}{subsection.6.5.4}% 100
\BOOKMARK [2][-]{subsection.6.5.5}{\376\377\0006\000.\0005\000.\0005\000\040\000M\000e\000m\000b\000e\000r\000\040\000D\000a\000t\000a\000\040\000D\000o\000c\000u\000m\000e\000n\000t\000a\000t\000i\000o\000n}{section.6.5}% 101
\BOOKMARK [3][-]{subsubsection.6.5.5.1}{\376\377\0006\000.\0005\000.\0005\000.\0001\000\040\000k\000e\000r\000n\000e\000l\000\137\000s\000i\000z\000e\000\137}{subsection.6.5.5}% 102
\BOOKMARK [3][-]{subsubsection.6.5.5.2}{\376\377\0006\000.\0005\000.\0005\000.\0002\000\040\000p\000a\000d\000d\000i\000n\000g\000\137}{subsection.6.5.5}% 103
\BOOKMARK [3][-]{subsubsection.6.5.5.3}{\376\377\0006\000.\0005\000.\0005\000.\0003\000\040\000s\000t\000r\000i\000d\000e\000\137}{subsection.6.5.5}% 104
\BOOKMARK [1][-]{section.6.6}{\376\377\0006\000.\0006\000\040\000N\000e\000t\000w\000o\000r\000k\000<\000\040\000T\000\040\000>\000\040\000C\000l\000a\000s\000s\000\040\000T\000e\000m\000p\000l\000a\000t\000e\000\040\000R\000e\000f\000e\000r\000e\000n\000c\000e}{chapter.6}% 105
\BOOKMARK [2][-]{subsection.6.6.1}{\376\377\0006\000.\0006\000.\0001\000\040\000D\000e\000t\000a\000i\000l\000e\000d\000\040\000D\000e\000s\000c\000r\000i\000p\000t\000i\000o\000n}{section.6.6}% 106
\BOOKMARK [2][-]{subsection.6.6.2}{\376\377\0006\000.\0006\000.\0002\000\040\000M\000e\000m\000b\000e\000r\000\040\000T\000y\000p\000e\000d\000e\000f\000\040\000D\000o\000c\000u\000m\000e\000n\000t\000a\000t\000i\000o\000n}{section.6.6}% 107
\BOOKMARK [3][-]{subsubsection.6.6.2.1}{\376\377\0006\000.\0006\000.\0002\000.\0001\000\040\000M\000a\000t\000r\000i\000x}{subsection.6.6.2}% 108
\BOOKMARK [3][-]{subsubsection.6.6.2.2}{\376\377\0006\000.\0006\000.\0002\000.\0002\000\040\000S\000h\000a\000p\000e}{subsection.6.6.2}% 109
\BOOKMARK [2][-]{subsection.6.6.3}{\376\377\0006\000.\0006\000.\0003\000\040\000C\000o\000n\000s\000t\000r\000u\000c\000t\000o\000r\000\040\000\046\000\040\000D\000e\000s\000t\000r\000u\000c\000t\000o\000r\000\040\000D\000o\000c\000u\000m\000e\000n\000t\000a\000t\000i\000o\000n}{section.6.6}% 110
\BOOKMARK [3][-]{subsubsection.6.6.3.1}{\376\377\0006\000.\0006\000.\0003\000.\0001\000\040\000N\000e\000t\000w\000o\000r\000k\000\050\000\051}{subsection.6.6.3}% 111
\BOOKMARK [3][-]{subsubsection.6.6.3.2}{\376\377\0006\000.\0006\000.\0003\000.\0002\000\040\000\040\000N\000e\000t\000w\000o\000r\000k\000\050\000\051}{subsection.6.6.3}% 112
\BOOKMARK [2][-]{subsection.6.6.4}{\376\377\0006\000.\0006\000.\0004\000\040\000M\000e\000m\000b\000e\000r\000\040\000F\000u\000n\000c\000t\000i\000o\000n\000\040\000D\000o\000c\000u\000m\000e\000n\000t\000a\000t\000i\000o\000n}{section.6.6}% 113
\BOOKMARK [3][-]{subsubsection.6.6.4.1}{\376\377\0006\000.\0006\000.\0004\000.\0001\000\040\000b\000a\000c\000k\000w\000a\000r\000d\000\050\000\051}{subsection.6.6.4}% 114
\BOOKMARK [3][-]{subsubsection.6.6.4.2}{\376\377\0006\000.\0006\000.\0004\000.\0002\000\040\000f\000o\000r\000w\000a\000r\000d\000\050\000\051}{subsection.6.6.4}% 115
\BOOKMARK [3][-]{subsubsection.6.6.4.3}{\376\377\0006\000.\0006\000.\0004\000.\0003\000\040\000g\000e\000t\000\137\000o\000p\000t\000i\000m\000i\000z\000e\000r\000\050\000\051}{subsection.6.6.4}% 116
\BOOKMARK [3][-]{subsubsection.6.6.4.4}{\376\377\0006\000.\0006\000.\0004\000.\0004\000\040\000o\000p\000e\000r\000a\000t\000o\000r\000<\000<\000\050\000\051\000\040\000[\0001\000/\0004\000]}{subsection.6.6.4}% 117
\BOOKMARK [3][-]{subsubsection.6.6.4.5}{\376\377\0006\000.\0006\000.\0004\000.\0005\000\040\000o\000p\000e\000r\000a\000t\000o\000r\000<\000<\000\050\000\051\000\040\000[\0002\000/\0004\000]}{subsection.6.6.4}% 118
\BOOKMARK [3][-]{subsubsection.6.6.4.6}{\376\377\0006\000.\0006\000.\0004\000.\0006\000\040\000o\000p\000e\000r\000a\000t\000o\000r\000<\000<\000\050\000\051\000\040\000[\0003\000/\0004\000]}{subsection.6.6.4}% 119
\BOOKMARK [3][-]{subsubsection.6.6.4.7}{\376\377\0006\000.\0006\000.\0004\000.\0007\000\040\000o\000p\000e\000r\000a\000t\000o\000r\000<\000<\000\050\000\051\000\040\000[\0004\000/\0004\000]}{subsection.6.6.4}% 120
\BOOKMARK [3][-]{subsubsection.6.6.4.8}{\376\377\0006\000.\0006\000.\0004\000.\0008\000\040\000p\000r\000e\000d\000i\000c\000t\000\050\000\051}{subsection.6.6.4}% 121
\BOOKMARK [3][-]{subsubsection.6.6.4.9}{\376\377\0006\000.\0006\000.\0004\000.\0009\000\040\000s\000e\000t\000\137\000o\000p\000t\000i\000m\000i\000z\000e\000r\000\050\000\051}{subsection.6.6.4}% 122
\BOOKMARK [2][-]{subsection.6.6.5}{\376\377\0006\000.\0006\000.\0005\000\040\000M\000e\000m\000b\000e\000r\000\040\000D\000a\000t\000a\000\040\000D\000o\000c\000u\000m\000e\000n\000t\000a\000t\000i\000o\000n}{section.6.6}% 123
\BOOKMARK [3][-]{subsubsection.6.6.5.1}{\376\377\0006\000.\0006\000.\0005\000.\0001\000\040\000l\000a\000y\000e\000r\000s\000\137}{subsection.6.6.5}% 124
\BOOKMARK [3][-]{subsubsection.6.6.5.2}{\376\377\0006\000.\0006\000.\0005\000.\0002\000\040\000l\000o\000s\000s\000\137}{subsection.6.6.5}% 125
\BOOKMARK [3][-]{subsubsection.6.6.5.3}{\376\377\0006\000.\0006\000.\0005\000.\0003\000\040\000o\000p\000t\000i\000m\000i\000z\000e\000r\000\137}{subsection.6.6.5}% 126
\BOOKMARK [1][-]{section.6.7}{\376\377\0006\000.\0007\000\040\000O\000p\000t\000i\000m\000i\000z\000e\000r\000<\000\040\000T\000\040\000>\000\040\000C\000l\000a\000s\000s\000\040\000T\000e\000m\000p\000l\000a\000t\000e\000\040\000R\000e\000f\000e\000r\000e\000n\000c\000e}{chapter.6}% 127
\BOOKMARK [2][-]{subsection.6.7.1}{\376\377\0006\000.\0007\000.\0001\000\040\000M\000e\000m\000b\000e\000r\000\040\000T\000y\000p\000e\000d\000e\000f\000\040\000D\000o\000c\000u\000m\000e\000n\000t\000a\000t\000i\000o\000n}{section.6.7}% 128
\BOOKMARK [3][-]{subsubsection.6.7.1.1}{\376\377\0006\000.\0007\000.\0001\000.\0001\000\040\000M\000a\000t\000r\000i\000x}{subsection.6.7.1}% 129
\BOOKMARK [3][-]{subsubsection.6.7.1.2}{\376\377\0006\000.\0007\000.\0001\000.\0002\000\040\000S\000h\000a\000p\000e}{subsection.6.7.1}% 130
\BOOKMARK [2][-]{subsection.6.7.2}{\376\377\0006\000.\0007\000.\0002\000\040\000C\000o\000n\000s\000t\000r\000u\000c\000t\000o\000r\000\040\000\046\000\040\000D\000e\000s\000t\000r\000u\000c\000t\000o\000r\000\040\000D\000o\000c\000u\000m\000e\000n\000t\000a\000t\000i\000o\000n}{section.6.7}% 131
\BOOKMARK [3][-]{subsubsection.6.7.2.1}{\376\377\0006\000.\0007\000.\0002\000.\0001\000\040\000O\000p\000t\000i\000m\000i\000z\000e\000r\000\050\000\051}{subsection.6.7.2}% 132
\BOOKMARK [3][-]{subsubsection.6.7.2.2}{\376\377\0006\000.\0007\000.\0002\000.\0002\000\040\000\040\000O\000p\000t\000i\000m\000i\000z\000e\000r\000\050\000\051}{subsection.6.7.2}% 133
\BOOKMARK [2][-]{subsection.6.7.3}{\376\377\0006\000.\0007\000.\0003\000\040\000M\000e\000m\000b\000e\000r\000\040\000F\000u\000n\000c\000t\000i\000o\000n\000\040\000D\000o\000c\000u\000m\000e\000n\000t\000a\000t\000i\000o\000n}{section.6.7}% 134
\BOOKMARK [3][-]{subsubsection.6.7.3.1}{\376\377\0006\000.\0007\000.\0003\000.\0001\000\040\000u\000p\000d\000a\000t\000e\000\050\000\051}{subsection.6.7.3}% 135
\BOOKMARK [2][-]{subsection.6.7.4}{\376\377\0006\000.\0007\000.\0004\000\040\000M\000e\000m\000b\000e\000r\000\040\000D\000a\000t\000a\000\040\000D\000o\000c\000u\000m\000e\000n\000t\000a\000t\000i\000o\000n}{section.6.7}% 136
\BOOKMARK [3][-]{subsubsection.6.7.4.1}{\376\377\0006\000.\0007\000.\0004\000.\0001\000\040\000l\000r\000\137}{subsection.6.7.4}% 137
\BOOKMARK [1][-]{section.6.8}{\376\377\0006\000.\0008\000\040\000R\000e\000L\000U\000<\000\040\000T\000\040\000>\000\040\000C\000l\000a\000s\000s\000\040\000T\000e\000m\000p\000l\000a\000t\000e\000\040\000R\000e\000f\000e\000r\000e\000n\000c\000e}{chapter.6}% 138
\BOOKMARK [2][-]{subsection.6.8.1}{\376\377\0006\000.\0008\000.\0001\000\040\000D\000e\000t\000a\000i\000l\000e\000d\000\040\000D\000e\000s\000c\000r\000i\000p\000t\000i\000o\000n}{section.6.8}% 139
\BOOKMARK [2][-]{subsection.6.8.2}{\376\377\0006\000.\0008\000.\0002\000\040\000M\000e\000m\000b\000e\000r\000\040\000T\000y\000p\000e\000d\000e\000f\000\040\000D\000o\000c\000u\000m\000e\000n\000t\000a\000t\000i\000o\000n}{section.6.8}% 140
\BOOKMARK [3][-]{subsubsection.6.8.2.1}{\376\377\0006\000.\0008\000.\0002\000.\0001\000\040\000M\000a\000t\000r\000i\000x}{subsection.6.8.2}% 141
\BOOKMARK [3][-]{subsubsection.6.8.2.2}{\376\377\0006\000.\0008\000.\0002\000.\0002\000\040\000S\000h\000a\000p\000e}{subsection.6.8.2}% 142
\BOOKMARK [2][-]{subsection.6.8.3}{\376\377\0006\000.\0008\000.\0003\000\040\000C\000o\000n\000s\000t\000r\000u\000c\000t\000o\000r\000\040\000\046\000\040\000D\000e\000s\000t\000r\000u\000c\000t\000o\000r\000\040\000D\000o\000c\000u\000m\000e\000n\000t\000a\000t\000i\000o\000n}{section.6.8}% 143
\BOOKMARK [3][-]{subsubsection.6.8.3.1}{\376\377\0006\000.\0008\000.\0003\000.\0001\000\040\000R\000e\000L\000U\000\050\000\051}{subsection.6.8.3}% 144
\BOOKMARK [3][-]{subsubsection.6.8.3.2}{\376\377\0006\000.\0008\000.\0003\000.\0002\000\040\000\040\000R\000e\000L\000U\000\050\000\051}{subsection.6.8.3}% 145
\BOOKMARK [2][-]{subsection.6.8.4}{\376\377\0006\000.\0008\000.\0004\000\040\000M\000e\000m\000b\000e\000r\000\040\000F\000u\000n\000c\000t\000i\000o\000n\000\040\000D\000o\000c\000u\000m\000e\000n\000t\000a\000t\000i\000o\000n}{section.6.8}% 146
\BOOKMARK [3][-]{subsubsection.6.8.4.1}{\376\377\0006\000.\0008\000.\0004\000.\0001\000\040\000b\000a\000c\000k\000w\000a\000r\000d\000\050\000\051}{subsection.6.8.4}% 147
\BOOKMARK [3][-]{subsubsection.6.8.4.2}{\376\377\0006\000.\0008\000.\0004\000.\0002\000\040\000f\000o\000r\000w\000a\000r\000d\000\050\000\051}{subsection.6.8.4}% 148
\BOOKMARK [1][-]{section.6.9}{\376\377\0006\000.\0009\000\040\000S\000G\000D\000<\000\040\000T\000\040\000>\000\040\000C\000l\000a\000s\000s\000\040\000T\000e\000m\000p\000l\000a\000t\000e\000\040\000R\000e\000f\000e\000r\000e\000n\000c\000e}{chapter.6}% 149
\BOOKMARK [2][-]{subsection.6.9.1}{\376\377\0006\000.\0009\000.\0001\000\040\000M\000e\000m\000b\000e\000r\000\040\000T\000y\000p\000e\000d\000e\000f\000\040\000D\000o\000c\000u\000m\000e\000n\000t\000a\000t\000i\000o\000n}{section.6.9}% 150
\BOOKMARK [3][-]{subsubsection.6.9.1.1}{\376\377\0006\000.\0009\000.\0001\000.\0001\000\040\000M\000a\000t\000r\000i\000x}{subsection.6.9.1}% 151
\BOOKMARK [3][-]{subsubsection.6.9.1.2}{\376\377\0006\000.\0009\000.\0001\000.\0002\000\040\000S\000h\000a\000p\000e}{subsection.6.9.1}% 152
\BOOKMARK [2][-]{subsection.6.9.2}{\376\377\0006\000.\0009\000.\0002\000\040\000C\000o\000n\000s\000t\000r\000u\000c\000t\000o\000r\000\040\000\046\000\040\000D\000e\000s\000t\000r\000u\000c\000t\000o\000r\000\040\000D\000o\000c\000u\000m\000e\000n\000t\000a\000t\000i\000o\000n}{section.6.9}% 153
\BOOKMARK [3][-]{subsubsection.6.9.2.1}{\376\377\0006\000.\0009\000.\0002\000.\0001\000\040\000S\000G\000D\000\050\000\051}{subsection.6.9.2}% 154
\BOOKMARK [3][-]{subsubsection.6.9.2.2}{\376\377\0006\000.\0009\000.\0002\000.\0002\000\040\000\040\000S\000G\000D\000\050\000\051}{subsection.6.9.2}% 155
\BOOKMARK [2][-]{subsection.6.9.3}{\376\377\0006\000.\0009\000.\0003\000\040\000M\000e\000m\000b\000e\000r\000\040\000F\000u\000n\000c\000t\000i\000o\000n\000\040\000D\000o\000c\000u\000m\000e\000n\000t\000a\000t\000i\000o\000n}{section.6.9}% 156
\BOOKMARK [3][-]{subsubsection.6.9.3.1}{\376\377\0006\000.\0009\000.\0003\000.\0001\000\040\000u\000p\000d\000a\000t\000e\000\050\000\051}{subsection.6.9.3}% 157
\BOOKMARK [2][-]{subsection.6.9.4}{\376\377\0006\000.\0009\000.\0004\000\040\000M\000e\000m\000b\000e\000r\000\040\000D\000a\000t\000a\000\040\000D\000o\000c\000u\000m\000e\000n\000t\000a\000t\000i\000o\000n}{section.6.9}% 158
\BOOKMARK [3][-]{subsubsection.6.9.4.1}{\376\377\0006\000.\0009\000.\0004\000.\0001\000\040\000m\000o\000m\000e\000n\000t\000u\000m\000\137}{subsection.6.9.4}% 159
\BOOKMARK [3][-]{subsubsection.6.9.4.2}{\376\377\0006\000.\0009\000.\0004\000.\0002\000\040\000w\000e\000i\000g\000h\000t\000\137\000d\000e\000c\000a\000y\000\137}{subsection.6.9.4}% 160
\BOOKMARK [0][-]{chapter.7}{\376\377\0007\000\040\000F\000i\000l\000e\000\040\000D\000o\000c\000u\000m\000e\000n\000t\000a\000t\000i\000o\000n}{}% 161
\BOOKMARK [1][-]{section.7.1}{\376\377\0007\000.\0001\000\040\000l\000a\000y\000e\000r\000/\000a\000c\000t\000i\000v\000a\000t\000i\000o\000n\000.\000h\000p\000p\000\040\000F\000i\000l\000e\000\040\000R\000e\000f\000e\000r\000e\000n\000c\000e}{chapter.7}% 162
\BOOKMARK [2][-]{subsection.7.1.1}{\376\377\0007\000.\0001\000.\0001\000\040\000D\000e\000t\000a\000i\000l\000e\000d\000\040\000D\000e\000s\000c\000r\000i\000p\000t\000i\000o\000n}{section.7.1}% 163
\BOOKMARK [1][-]{section.7.2}{\376\377\0007\000.\0002\000\040\000l\000a\000y\000e\000r\000/\000a\000c\000t\000i\000v\000a\000t\000i\000o\000n\000\137\000i\000m\000p\000l\000.\000h\000p\000p\000\040\000F\000i\000l\000e\000\040\000R\000e\000f\000e\000r\000e\000n\000c\000e}{chapter.7}% 164
\BOOKMARK [2][-]{subsection.7.2.1}{\376\377\0007\000.\0002\000.\0001\000\040\000D\000e\000t\000a\000i\000l\000e\000d\000\040\000D\000e\000s\000c\000r\000i\000p\000t\000i\000o\000n}{section.7.2}% 165
\BOOKMARK [1][-]{section.7.3}{\376\377\0007\000.\0003\000\040\000l\000a\000y\000e\000r\000/\000c\000o\000n\000v\000o\000l\000u\000t\000i\000o\000n\000.\000h\000p\000p\000\040\000F\000i\000l\000e\000\040\000R\000e\000f\000e\000r\000e\000n\000c\000e}{chapter.7}% 166
\BOOKMARK [2][-]{subsection.7.3.1}{\376\377\0007\000.\0003\000.\0001\000\040\000D\000e\000t\000a\000i\000l\000e\000d\000\040\000D\000e\000s\000c\000r\000i\000p\000t\000i\000o\000n}{section.7.3}% 167
\BOOKMARK [1][-]{section.7.4}{\376\377\0007\000.\0004\000\040\000l\000a\000y\000e\000r\000/\000c\000o\000n\000v\000o\000l\000u\000t\000i\000o\000n\000\137\000i\000m\000p\000l\000.\000h\000p\000p\000\040\000F\000i\000l\000e\000\040\000R\000e\000f\000e\000r\000e\000n\000c\000e}{chapter.7}% 168
\BOOKMARK [2][-]{subsection.7.4.1}{\376\377\0007\000.\0004\000.\0001\000\040\000D\000e\000t\000a\000i\000l\000e\000d\000\040\000D\000e\000s\000c\000r\000i\000p\000t\000i\000o\000n}{section.7.4}% 169
\BOOKMARK [1][-]{section.7.5}{\376\377\0007\000.\0005\000\040\000l\000a\000y\000e\000r\000/\000l\000a\000y\000e\000r\000\137\000b\000a\000s\000e\000.\000h\000p\000p\000\040\000F\000i\000l\000e\000\040\000R\000e\000f\000e\000r\000e\000n\000c\000e}{chapter.7}% 170
\BOOKMARK [2][-]{subsection.7.5.1}{\376\377\0007\000.\0005\000.\0001\000\040\000D\000e\000t\000a\000i\000l\000e\000d\000\040\000D\000e\000s\000c\000r\000i\000p\000t\000i\000o\000n}{section.7.5}% 171
\BOOKMARK [2][-]{subsection.7.5.2}{\376\377\0007\000.\0005\000.\0002\000\040\000E\000n\000u\000m\000e\000r\000a\000t\000i\000o\000n\000\040\000T\000y\000p\000e\000\040\000D\000o\000c\000u\000m\000e\000n\000t\000a\000t\000i\000o\000n}{section.7.5}% 172
\BOOKMARK [3][-]{subsubsection.7.5.2.1}{\376\377\0007\000.\0005\000.\0002\000.\0001\000\040\000L\000A\000Y\000E\000R\000\137\000T\000Y\000P\000E}{subsection.7.5.2}% 173
\BOOKMARK [1][-]{section.7.6}{\376\377\0007\000.\0006\000\040\000l\000a\000y\000e\000r\000/\000l\000i\000n\000e\000a\000r\000.\000h\000p\000p\000\040\000F\000i\000l\000e\000\040\000R\000e\000f\000e\000r\000e\000n\000c\000e}{chapter.7}% 174
\BOOKMARK [2][-]{subsection.7.6.1}{\376\377\0007\000.\0006\000.\0001\000\040\000D\000e\000t\000a\000i\000l\000e\000d\000\040\000D\000e\000s\000c\000r\000i\000p\000t\000i\000o\000n}{section.7.6}% 175
\BOOKMARK [1][-]{section.7.7}{\376\377\0007\000.\0007\000\040\000l\000a\000y\000e\000r\000/\000l\000i\000n\000e\000a\000r\000\137\000i\000m\000p\000l\000.\000h\000p\000p\000\040\000F\000i\000l\000e\000\040\000R\000e\000f\000e\000r\000e\000n\000c\000e}{chapter.7}% 176
\BOOKMARK [2][-]{subsection.7.7.1}{\376\377\0007\000.\0007\000.\0001\000\040\000D\000e\000t\000a\000i\000l\000e\000d\000\040\000D\000e\000s\000c\000r\000i\000p\000t\000i\000o\000n}{section.7.7}% 177
\BOOKMARK [1][-]{section.7.8}{\376\377\0007\000.\0008\000\040\000l\000a\000y\000e\000r\000/\000p\000o\000o\000l\000i\000n\000g\000.\000h\000p\000p\000\040\000F\000i\000l\000e\000\040\000R\000e\000f\000e\000r\000e\000n\000c\000e}{chapter.7}% 178
\BOOKMARK [2][-]{subsection.7.8.1}{\376\377\0007\000.\0008\000.\0001\000\040\000D\000e\000t\000a\000i\000l\000e\000d\000\040\000D\000e\000s\000c\000r\000i\000p\000t\000i\000o\000n}{section.7.8}% 179
\BOOKMARK [1][-]{section.7.9}{\376\377\0007\000.\0009\000\040\000l\000a\000y\000e\000r\000/\000p\000o\000o\000l\000i\000n\000g\000\137\000i\000m\000p\000l\000.\000h\000p\000p\000\040\000F\000i\000l\000e\000\040\000R\000e\000f\000e\000r\000e\000n\000c\000e}{chapter.7}% 180
\BOOKMARK [2][-]{subsection.7.9.1}{\376\377\0007\000.\0009\000.\0001\000\040\000D\000e\000t\000a\000i\000l\000e\000d\000\040\000D\000e\000s\000c\000r\000i\000p\000t\000i\000o\000n}{section.7.9}% 181
\BOOKMARK [1][-]{section.7.10}{\376\377\0007\000.\0001\0000\000\040\000l\000o\000a\000d\000e\000r\000/\000d\000a\000t\000a\000\137\000l\000o\000a\000d\000e\000r\000.\000h\000p\000p\000\040\000F\000i\000l\000e\000\040\000R\000e\000f\000e\000r\000e\000n\000c\000e}{chapter.7}% 182
\BOOKMARK [2][-]{subsection.7.10.1}{\376\377\0007\000.\0001\0000\000.\0001\000\040\000D\000e\000t\000a\000i\000l\000e\000d\000\040\000D\000e\000s\000c\000r\000i\000p\000t\000i\000o\000n}{section.7.10}% 183
\BOOKMARK [2][-]{subsection.7.10.2}{\376\377\0007\000.\0001\0000\000.\0002\000\040\000F\000u\000n\000c\000t\000i\000o\000n\000\040\000D\000o\000c\000u\000m\000e\000n\000t\000a\000t\000i\000o\000n}{section.7.10}% 184
\BOOKMARK [3][-]{subsubsection.7.10.2.1}{\376\377\0007\000.\0001\0000\000.\0002\000.\0001\000\040\000i\000m\000a\000g\000e\000\137\000n\000o\000r\000m\000a\000l\000i\000z\000e\000\050\000\051}{subsection.7.10.2}% 185
\BOOKMARK [3][-]{subsubsection.7.10.2.2}{\376\377\0007\000.\0001\0000\000.\0002\000.\0002\000\040\000l\000o\000a\000d\000\137\000i\000m\000a\000g\000e\000s\000\050\000\051}{subsection.7.10.2}% 186
\BOOKMARK [1][-]{section.7.11}{\376\377\0007\000.\0001\0001\000\040\000l\000o\000a\000d\000e\000r\000/\000m\000o\000d\000e\000l\000\137\000l\000o\000a\000d\000e\000r\000.\000h\000p\000p\000\040\000F\000i\000l\000e\000\040\000R\000e\000f\000e\000r\000e\000n\000c\000e}{chapter.7}% 187
\BOOKMARK [1][-]{section.7.12}{\376\377\0007\000.\0001\0002\000\040\000l\000o\000s\000s\000/\000l\000o\000s\000s\000.\000h\000p\000p\000\040\000F\000i\000l\000e\000\040\000R\000e\000f\000e\000r\000e\000n\000c\000e}{chapter.7}% 188
\BOOKMARK [2][-]{subsection.7.12.1}{\376\377\0007\000.\0001\0002\000.\0001\000\040\000E\000n\000u\000m\000e\000r\000a\000t\000i\000o\000n\000\040\000T\000y\000p\000e\000\040\000D\000o\000c\000u\000m\000e\000n\000t\000a\000t\000i\000o\000n}{section.7.12}% 189
\BOOKMARK [3][-]{subsubsection.7.12.1.1}{\376\377\0007\000.\0001\0002\000.\0001\000.\0001\000\040\000L\000O\000S\000S\000\137\000T\000Y\000P\000E}{subsection.7.12.1}% 190
\BOOKMARK [1][-]{section.7.13}{\376\377\0007\000.\0001\0003\000\040\000l\000o\000s\000s\000/\000l\000o\000s\000s\000\137\000i\000m\000p\000l\000.\000h\000p\000p\000\040\000F\000i\000l\000e\000\040\000R\000e\000f\000e\000r\000e\000n\000c\000e}{chapter.7}% 191
\BOOKMARK [2][-]{subsection.7.13.1}{\376\377\0007\000.\0001\0003\000.\0001\000\040\000D\000e\000t\000a\000i\000l\000e\000d\000\040\000D\000e\000s\000c\000r\000i\000p\000t\000i\000o\000n}{section.7.13}% 192
\BOOKMARK [1][-]{section.7.14}{\376\377\0007\000.\0001\0004\000\040\000n\000e\000t\000w\000o\000r\000k\000/\000c\000o\000m\000m\000o\000n\000\137\000h\000e\000a\000d\000e\000r\000.\000h\000p\000p\000\040\000F\000i\000l\000e\000\040\000R\000e\000f\000e\000r\000e\000n\000c\000e}{chapter.7}% 193
\BOOKMARK [1][-]{section.7.15}{\376\377\0007\000.\0001\0005\000\040\000n\000e\000t\000w\000o\000r\000k\000/\000i\000n\000i\000t\000.\000h\000p\000p\000\040\000F\000i\000l\000e\000\040\000R\000e\000f\000e\000r\000e\000n\000c\000e}{chapter.7}% 194
\BOOKMARK [2][-]{subsection.7.15.1}{\376\377\0007\000.\0001\0005\000.\0001\000\040\000D\000e\000t\000a\000i\000l\000e\000d\000\040\000D\000e\000s\000c\000r\000i\000p\000t\000i\000o\000n}{section.7.15}% 195
\BOOKMARK [2][-]{subsection.7.15.2}{\376\377\0007\000.\0001\0005\000.\0002\000\040\000F\000u\000n\000c\000t\000i\000o\000n\000\040\000D\000o\000c\000u\000m\000e\000n\000t\000a\000t\000i\000o\000n}{section.7.15}% 196
\BOOKMARK [3][-]{subsubsection.7.15.2.1}{\376\377\0007\000.\0001\0005\000.\0002\000.\0001\000\040\000k\000a\000i\000m\000i\000n\000g\000\137\000n\000o\000r\000m\000a\000l\000\050\000\051}{subsection.7.15.2}% 197
\BOOKMARK [3][-]{subsubsection.7.15.2.2}{\376\377\0007\000.\0001\0005\000.\0002\000.\0002\000\040\000k\000a\000i\000m\000i\000n\000g\000\137\000u\000n\000i\000f\000o\000r\000m\000\050\000\051}{subsection.7.15.2}% 198
\BOOKMARK [1][-]{section.7.16}{\376\377\0007\000.\0001\0006\000\040\000n\000e\000t\000w\000o\000r\000k\000/\000n\000e\000t\000w\000o\000r\000k\000.\000h\000p\000p\000\040\000F\000i\000l\000e\000\040\000R\000e\000f\000e\000r\000e\000n\000c\000e}{chapter.7}% 199
\BOOKMARK [1][-]{section.7.17}{\376\377\0007\000.\0001\0007\000\040\000n\000e\000t\000w\000o\000r\000k\000/\000n\000e\000t\000w\000o\000r\000k\000\137\000i\000m\000p\000l\000.\000h\000p\000p\000\040\000F\000i\000l\000e\000\040\000R\000e\000f\000e\000r\000e\000n\000c\000e}{chapter.7}% 200
\BOOKMARK [1][-]{section.7.18}{\376\377\0007\000.\0001\0008\000\040\000n\000e\000t\000w\000o\000r\000k\000/\000u\000t\000i\000l\000s\000.\000h\000p\000p\000\040\000F\000i\000l\000e\000\040\000R\000e\000f\000e\000r\000e\000n\000c\000e}{chapter.7}% 201
\BOOKMARK [2][-]{subsection.7.18.1}{\376\377\0007\000.\0001\0008\000.\0001\000\040\000F\000u\000n\000c\000t\000i\000o\000n\000\040\000D\000o\000c\000u\000m\000e\000n\000t\000a\000t\000i\000o\000n}{section.7.18}% 202
\BOOKMARK [3][-]{subsubsection.7.18.1.1}{\376\377\0007\000.\0001\0008\000.\0001\000.\0001\000\040\000c\000o\000u\000t\000\137\000s\000h\000a\000p\000e\000\050\000\051}{subsection.7.18.1}% 203
\BOOKMARK [1][-]{section.7.19}{\376\377\0007\000.\0001\0009\000\040\000o\000p\000t\000i\000m\000i\000z\000e\000r\000/\000o\000p\000t\000i\000m\000i\000z\000e\000r\000.\000h\000p\000p\000\040\000F\000i\000l\000e\000\040\000R\000e\000f\000e\000r\000e\000n\000c\000e}{chapter.7}% 204
\BOOKMARK [1][-]{section.7.20}{\376\377\0007\000.\0002\0000\000\040\000o\000p\000t\000i\000m\000i\000z\000e\000r\000/\000o\000p\000t\000i\000m\000i\000z\000e\000r\000\137\000b\000a\000s\000e\000.\000h\000p\000p\000\040\000F\000i\000l\000e\000\040\000R\000e\000f\000e\000r\000e\000n\000c\000e}{chapter.7}% 205
\BOOKMARK [1][-]{section.7.21}{\376\377\0007\000.\0002\0001\000\040\000o\000p\000t\000i\000m\000i\000z\000e\000r\000/\000o\000p\000t\000i\000m\000i\000z\000e\000r\000\137\000i\000m\000p\000l\000.\000h\000p\000p\000\040\000F\000i\000l\000e\000\040\000R\000e\000f\000e\000r\000e\000n\000c\000e}{chapter.7}% 206
\BOOKMARK [1][-]{section.7.22}{\376\377\0007\000.\0002\0002\000\040\000R\000E\000A\000D\000M\000E\000.\000m\000d\000\040\000F\000i\000l\000e\000\040\000R\000e\000f\000e\000r\000e\000n\000c\000e}{chapter.7}% 207
\BOOKMARK [1][-]{section.7.23}{\376\377\0007\000.\0002\0003\000\040\000t\000e\000s\000t\000/\000t\000e\000s\000t\000\137\000l\000a\000y\000e\000r\000.\000c\000p\000p\000\040\000F\000i\000l\000e\000\040\000R\000e\000f\000e\000r\000e\000n\000c\000e}{chapter.7}% 208
\BOOKMARK [2][-]{subsection.7.23.1}{\376\377\0007\000.\0002\0003\000.\0001\000\040\000F\000u\000n\000c\000t\000i\000o\000n\000\040\000D\000o\000c\000u\000m\000e\000n\000t\000a\000t\000i\000o\000n}{section.7.23}% 209
\BOOKMARK [3][-]{subsubsection.7.23.1.1}{\376\377\0007\000.\0002\0003\000.\0001\000.\0001\000\040\000m\000a\000i\000n\000\050\000\051}{subsection.7.23.1}% 210
\BOOKMARK [1][-]{section.7.24}{\376\377\0007\000.\0002\0004\000\040\000t\000e\000s\000t\000/\000t\000e\000s\000t\000\137\000l\000o\000a\000d\000e\000r\000.\000c\000p\000p\000\040\000F\000i\000l\000e\000\040\000R\000e\000f\000e\000r\000e\000n\000c\000e}{chapter.7}% 211
\BOOKMARK [2][-]{subsection.7.24.1}{\376\377\0007\000.\0002\0004\000.\0001\000\040\000F\000u\000n\000c\000t\000i\000o\000n\000\040\000D\000o\000c\000u\000m\000e\000n\000t\000a\000t\000i\000o\000n}{section.7.24}% 212
\BOOKMARK [3][-]{subsubsection.7.24.1.1}{\376\377\0007\000.\0002\0004\000.\0001\000.\0001\000\040\000m\000a\000i\000n\000\050\000\051}{subsection.7.24.1}% 213
\BOOKMARK [1][-]{section.7.25}{\376\377\0007\000.\0002\0005\000\040\000t\000e\000s\000t\000/\000t\000e\000s\000t\000\137\000n\000e\000t\000.\000c\000p\000p\000\040\000F\000i\000l\000e\000\040\000R\000e\000f\000e\000r\000e\000n\000c\000e}{chapter.7}% 214
\BOOKMARK [2][-]{subsection.7.25.1}{\376\377\0007\000.\0002\0005\000.\0001\000\040\000F\000u\000n\000c\000t\000i\000o\000n\000\040\000D\000o\000c\000u\000m\000e\000n\000t\000a\000t\000i\000o\000n}{section.7.25}% 215
\BOOKMARK [3][-]{subsubsection.7.25.1.1}{\376\377\0007\000.\0002\0005\000.\0001\000.\0001\000\040\000m\000a\000i\000n\000\050\000\051}{subsection.7.25.1}% 216
\BOOKMARK [0][-]{section*.101}{\376\377\000I\000n\000d\000e\000x}{}% 217
